TOOBIG,10136.txt,3.0M,
TOOBIG,10136-8.txt,3.0M,
TOOBIG,100.txt,5.4M,
TOOBIG,10223-0.txt,7.1M,
TOOBIG,10223-8.txt,7.0M,
TOOBIG,10681-index.txt,2.7M,
TOOBIG,10706.txt,5.2M,
TOOBIG,10800.txt,3.4M,
TOOBIG,10800-8.txt,3.4M,
TOOBIG,10900.txt,4.3M,
TOOBIG,10900-8.txt,4.3M,
TOOBIG,11275.txt,5.7M,
TOOBIG,11275-8.txt,5.7M,
TOOBIG,11615.txt,6.1M,
TOOBIG,11615-8.txt,6.1M,
TOOBIG,11775.txt,251M,
TOOBIG,11776.txt,243M,
TOOBIG,11777.txt,199M,
TOOBIG,11778.txt,191M,
TOOBIG,11779.txt,180M,
TOOBIG,11780.txt,172M,
TOOBIG,11781.txt,158M,
TOOBIG,11782.txt,147M,
TOOBIG,11783.txt,139M,
TOOBIG,11784.txt,135M,
TOOBIG,11785.txt,134M,
TOOBIG,11786.txt,132M,
TOOBIG,11787.txt,113M,
TOOBIG,11788.txt,105M,
TOOBIG,11789.txt,101M,
TOOBIG,11790.txt,90M,
TOOBIG,11791.txt,84M,
TOOBIG,11792.txt,76M,
TOOBIG,11793.txt,64M,
TOOBIG,11794.txt,64M,
TOOBIG,11795.txt,47M,
TOOBIG,11796.txt,50M,
TOOBIG,11797.txt,156M,
TOOBIG,11798.txt,50M,
TOOBIG,11799.txt,3.4M,
TOOBIG,11800-8.txt,32M,
TOOBIG,1184.txt,2.6M,
TOOBIG,10.txt,4.3M,
TOOBIG,12030.txt,5.5M,
TOOBIG,12030-8.txt,5.5M,
TOOBIG,129.txt,5.1M,
TOOBIG,12342.txt,4.8M,
TOOBIG,12342-8.txt,4.8M,
TOOBIG,12606.txt,3.0M,
TOOBIG,12606-8.txt,3.0M,
TOOBIG,135.txt,3.2M,
TOOBIG,15474.txt,3.6M,
TOOBIG,15475.txt,3.9M,
TOOBIG,15476.txt,4.7M,
TOOBIG,15477.txt,2.6M,
TOOBIG,1581.txt,5.7M,
TOOBIG,16550.txt,2.8M,
TOOBIG,16550-8.txt,2.8M,
TOOBIG,1662.txt,3.0M,
TOOBIG,1662-8.txt,3.0M,
TOOBIG,16955.txt,2.8M,
TOOBIG,17258-8.txt,3.1M,
TOOBIG,17439.txt,2.8M,
TOOBIG,17611.txt,2.8M,
TOOBIG,17897.txt,2.8M,
TOOBIG,180.txt,2.7M,
TOOBIG,18637.txt,3.7M,
TOOBIG,18637-8.txt,3.7M,
TOOBIG,18755.txt,4.1M,
TOOBIG,18755-8.txt,4.1M,
TOOBIG,19217.txt,4.8M,
TOOBIG,19217-8.txt,4.8M,
TOOBIG,19218.txt,6.9M,
TOOBIG,19218-8.txt,6.9M,
TOOBIG,19447-0.txt,2.6M,
TOOBIG,19950.txt,2.7M,
TOOBIG,2016.txt,3.4M,
TOOBIG,2016-8.txt,3.4M,
TOOBIG,200.txt,8.0M,
TOOBIG,20450.txt,2.7M,
TOOBIG,20450-8.txt,2.7M,
TOOBIG,2100-8.txt,4.8M,
TOOBIG,2144-8.txt,3.0M,
TOOBIG,2201.txt,19M,
TOOBIG,2202.txt,6.3M,
TOOBIG,2203.txt,4.0M,
TOOBIG,2204.txt,11M,
TOOBIG,2205.txt,12M,
TOOBIG,2206.txt,32M,
TOOBIG,2207.txt,70M,
TOOBIG,2208.txt,5.6M,
TOOBIG,2209.txt,4.6M,
TOOBIG,22036.txt,3.0M,
TOOBIG,22036-8.txt,3.0M,
TOOBIG,2210.txt,3.2M,
TOOBIG,2211.txt,7.0M,
TOOBIG,2212.txt,15M,
TOOBIG,2214.txt,9.9M,
TOOBIG,2216.txt,16M,
TOOBIG,2217.txt,28M,
TOOBIG,2219.txt,15M,
TOOBIG,2220.txt,12M,
TOOBIG,2221.txt,35M,
TOOBIG,2222.txt,34M,
TOOBIG,2223.txt,56M,
TOOBIG,2224.txt,3.4M,
TOOBIG,22515.txt,2.6M,
TOOBIG,22515-8.txt,2.6M,
TOOBIG,22591.txt,2.9M,
TOOBIG,22591-8.txt,2.9M,
TOOBIG,23825-0.txt,3.5M,
TOOBIG,23841-0.txt,2.7M,
TOOBIG,24183-0.txt,15M,
TOOBIG,24230-0.txt,2.8M,
TOOBIG,24238.txt,3.2M,
TOOBIG,24238-0.txt,3.2M,
TOOBIG,24238-8.txt,3.2M,
TOOBIG,24264-0.txt,2.6M,
TOOBIG,25142-0.txt,2.7M,
TOOBIG,25393-0.txt,3.5M,
TOOBIG,25851.txt,2.6M,
TOOBIG,25851-8.txt,2.6M,
TOOBIG,2600.txt,3.1M,
TOOBIG,2600-8.txt,3.1M,
TOOBIG,26970-0.txt,2.6M,
TOOBIG,27348.txt,8.8M,
TOOBIG,27509.txt,8.8M,
TOOBIG,27558.txt,7.7M,
TOOBIG,27559.txt,8.1M,
TOOBIG,27560.txt,8.3M,
TOOBIG,27604.txt,2.6M,
TOOBIG,27604-8.txt,2.6M,
TOOBIG,2760.txt,3.5M,
TOOBIG,2760-0.txt,3.5M,
TOOBIG,2760-8.txt,3.5M,
TOOBIG,27638.txt,6.9M,
TOOBIG,27672-0.txt,3.9M,
TOOBIG,27672-8.txt,3.8M,
TOOBIG,27675.txt,2.8M,
TOOBIG,27676.txt,3.3M,
TOOBIG,27889.txt,3.1M,
TOOBIG,27889-8.txt,3.1M,
TOOBIG,28020.txt,2.9M,
TOOBIG,28020-8.txt,2.9M,
TOOBIG,28039.txt,3.6M,
TOOBIG,28039-8.txt,3.6M,
TOOBIG,28176-0.txt,3.0M,
TOOBIG,28176-8.txt,2.9M,
TOOBIG,2848.txt,2.9M,
TOOBIG,2848-8.txt,2.9M,
TOOBIG,28496.txt,2.6M,
TOOBIG,28496-8.txt,2.6M,
TOOBIG,28500.txt,2.8M,
TOOBIG,28500-8.txt,2.8M,
TOOBIG,28556.txt,3.7M,
TOOBIG,28556-8.txt,3.7M,
TOOBIG,29090-0.txt,2.7M,
TOOBIG,29090-8.txt,2.7M,
TOOBIG,29233.txt,9.6M,
TOOBIG,29233-8.txt,9.6M,
TOOBIG,29765-8.txt,28M,
TOOBIG,2981.txt,6.6M,
TOOBIG,2988.txt,2.9M,
TOOBIG,29870.txt,3.1M,
TOOBIG,29870-8.txt,3.1M,
TOOBIG,3090.txt,2.7M,
TOOBIG,31100.txt,4.3M,
TOOBIG,3136.txt,5.6M,
TOOBIG,31552-0.txt,14M,
TOOBIG,3200.txt,16M,
TOOBIG,3252.txt,6.4M,
TOOBIG,3252-8.txt,6.4M,
TOOBIG,3253.txt,3.1M,
TOOBIG,3254.txt,9.1M,
TOOBIG,32736.txt,2.7M,
TOOBIG,32736-8.txt,2.7M,
TOOBIG,33224.txt,2.6M,
TOOBIG,33224-0.txt,2.6M,
TOOBIG,33224-8.txt,2.6M,
TOOBIG,3350.txt,3.0M,
TOOBIG,30.txt,5.0M,
TOOBIG,34955-8.txt,3.6M,
TOOBIG,35354.txt,3.3M,
TOOBIG,35354-8.txt,3.3M,
TOOBIG,3567.txt,2.9M,
TOOBIG,35829.txt,13M,
TOOBIG,35830.txt,13M,
TOOBIG,3600.txt,3.0M,
TOOBIG,36450.txt,2.8M,
TOOBIG,36450-8.txt,2.8M,
TOOBIG,3672.txt,3.4M,
TOOBIG,3740.txt,5.3M,
TOOBIG,38700.txt,2.8M,
TOOBIG,38700-8.txt,2.8M,
TOOBIG,3900.txt,7.6M,
TOOBIG,39157.txt,3.6M,
TOOBIG,39157-8.txt,3.6M,
TOOBIG,39225.txt,4.7M,
TOOBIG,39225-8.txt,4.7M,
TOOBIG,39367.txt,3.2M,
TOOBIG,39367-8.txt,3.2M,
TOOBIG,39733.txt,4.8M,
TOOBIG,39733-0.txt,4.9M,
TOOBIG,39733-8.txt,4.8M,
TOOBIG,4000.txt,7.9M,
TOOBIG,40068.txt,3.2M,
TOOBIG,40068-8.txt,3.2M,
TOOBIG,40074-0.txt,5.5M,
TOOBIG,40499.txt,4.6M,
TOOBIG,40499-8.txt,4.6M,
TOOBIG,40588.txt,3.4M,
TOOBIG,40588-8.txt,3.4M,
TOOBIG,40851.txt,4.5M,
TOOBIG,40851-8.txt,4.5M,
TOOBIG,41032.txt,3.1M,
TOOBIG,41032-8.txt,3.1M,
TOOBIG,41633.txt,2.9M,
TOOBIG,41633-0.txt,2.9M,
TOOBIG,41633-8.txt,2.9M,
TOOBIG,41957.txt,4.9M,
TOOBIG,41957-0.txt,4.9M,
TOOBIG,41957-8.txt,4.8M,
TOOBIG,4200.txt,6.5M,
TOOBIG,42766.txt,3.1M,
TOOBIG,42766-8.txt,3.1M,
TOOBIG,43032.txt,3.2M,
TOOBIG,43032-8.txt,3.2M,
TOOBIG,43524.txt,3.0M,
TOOBIG,43524-8.txt,3.0M,
TOOBIG,44028.txt,2.6M,
TOOBIG,44028-0.txt,2.6M,
TOOBIG,44028-8.txt,2.6M,
TOOBIG,44443-0.txt,2.8M,
TOOBIG,44525.txt,3.0M,
TOOBIG,44525-8.txt,3.0M,
TOOBIG,44562.txt,6.4M,
TOOBIG,44562-0.txt,6.4M,
TOOBIG,44562-8.txt,6.4M,
TOOBIG,44608.txt,2.6M,
TOOBIG,44608-0.txt,2.7M,
TOOBIG,44608-8.txt,2.6M,
TOOBIG,44621.txt,5.6M,
TOOBIG,44621-8.txt,5.5M,
TOOBIG,44700-8.txt,3.4M,
TOOBIG,44837.txt,4.1M,
TOOBIG,44837-8.txt,4.1M,
TOOBIG,44851.txt,4.2M,
TOOBIG,44851-8.txt,4.2M,
TOOBIG,4500.txt,15M,
TOOBIG,4546.txt,4.8M,
TOOBIG,4656.txt,18M,
TOOBIG,4836.txt,3.4M,
TOOBIG,4885.txt,4.3M,
TOOBIG,4900.txt,9.4M,
TOOBIG,5400.txt,9.1M,
TOOBIG,5600.txt,14M,
TOOBIG,5668.txt,3.0M,
TOOBIG,5668-8.txt,3.0M,
TOOBIG,571.txt,2.9M,
TOOBIG,6344.txt,3.7M,
TOOBIG,6528-0.txt,4.1M,
TOOBIG,6800.txt,5.4M,
TOOBIG,6930.txt,2.8M,
TOOBIG,8294.txt,4.2M,
TOOBIG,8300.txt,5.4M,
TOOBIG,8300-8.txt,5.4M,
TOOBIG,8419.txt,3.5M,
TOOBIG,8419-8.txt,3.5M,
TOOBIG,87.txt,2.6M,
TOOBIG,9170.txt,3.8M,
TOOBIG,9170-8.txt,3.8M,
TOOBIG,9600.txt,3.5M,
TOOBIG,00ws110.txt,4.5M,
TOOBIG,00ws110.txt,4.5M,
TOOBIG,07hgp10.txt,70M,
TOOBIG,01hgp10a.txt,274M,
TOOBIG,02hgp10a.txt,246M,
TOOBIG,03hgp10a.txt,218M,
TOOBIG,04hgp10a.txt,199M,
TOOBIG,05hgp10a.txt,196M,
TOOBIG,06hgp10a.txt,180M,
TOOBIG,07hgp10a.txt,165M,
TOOBIG,08hgp10a.txt,144M,
TOOBIG,09hgp10a.txt,141M,
TOOBIG,0xhgp10a.txt,155M,
TOOBIG,0yhgp10a.txt,67M,
TOOBIG,10hgp10a.txt,143M,
TOOBIG,11hgp10a.txt,147M,
TOOBIG,12hgp10a.txt,144M,
TOOBIG,13hgp10a.txt,117M,
TOOBIG,14hgp10a.txt,105M,
TOOBIG,15hgp10a.txt,83M,
TOOBIG,16hgp10a.txt,85M,
TOOBIG,17hgp10a.txt,89M,
TOOBIG,18hgp10a.txt,84M,
TOOBIG,19hgp10a.txt,71M,
TOOBIG,20hgp10a.txt,67M,
TOOBIG,21hgp10a.txt,45M,
TOOBIG,22hgp10a.txt,48M,
TOOBIG,whewk12.txt,7.8M,
TOOBIG,truck10.txt,3.7M,
TOOBIG,gp12710.txt,12M,
TOOBIG,jbun110.txt,4.7M,
TOOBIG,jbun210.txt,4.0M,
TOOBIG,jbun310.txt,3.2M,
TOOBIG,jbunc10.txt,12M,
TOOBIG,suall11.txt,9.5M,
TOOBIG,suall12.txt,9.6M,
TOOBIG,pgw050ab.txt,4.6M,
TOOBIG,pgw050c.txt,3.8M,
TOOBIG,pgw050de.txt,3.9M,
TOOBIG,pgw050fh.txt,4.3M,
TOOBIG,pgw050il.txt,3.6M,
TOOBIG,pgw050mo.txt,3.4M,
TOOBIG,pgw050pq.txt,3.5M,
TOOBIG,pgw050s.txt,4.7M,
TOOBIG,pgw050tw.txt,4.6M,
TOOBIG,pgwht04.txt,44M,
TOOBIG,plivs10.txt,4.2M,
